<?xml version="1.0" encoding="UTF-8"?>
<testsuite xmlns:xsi="http://www.w3.org/2001/XMLSchema-instance" xsi:noNamespaceSchemaLocation="https://maven.apache.org/surefire/maven-surefire-plugin/xsd/surefire-test-report-3.0.xsd" version="3.0" name="TestSuite" time="61.447" tests="6" errors="0" skipped="0" failures="0">
  <properties>
    <property name="java.specification.version" value="21"/>
    <property name="sun.cpu.isalist" value="amd64"/>
    <property name="sun.jnu.encoding" value="Cp1252"/>
    <property name="testng.Skipped" value="0"/>
    <property name="java.class.path" value="C:\Users\avina\eclipse-workspace\BunnyCart\target\test-classes;C:\Users\avina\eclipse-workspace\BunnyCart\target\classes;C:\Users\avina\.m2\repository\org\seleniumhq\selenium\selenium-java\4.29.0\selenium-java-4.29.0.jar;C:\Users\avina\.m2\repository\org\seleniumhq\selenium\selenium-api\4.29.0\selenium-api-4.29.0.jar;C:\Users\avina\.m2\repository\org\jspecify\jspecify\1.0.0\jspecify-1.0.0.jar;C:\Users\avina\.m2\repository\org\seleniumhq\selenium\selenium-chrome-driver\4.29.0\selenium-chrome-driver-4.29.0.jar;C:\Users\avina\.m2\repository\com\google\auto\service\auto-service-annotations\1.1.1\auto-service-annotations-1.1.1.jar;C:\Users\avina\.m2\repository\org\seleniumhq\selenium\selenium-chromium-driver\4.29.0\selenium-chromium-driver-4.29.0.jar;C:\Users\avina\.m2\repository\org\seleniumhq\selenium\selenium-json\4.29.0\selenium-json-4.29.0.jar;C:\Users\avina\.m2\repository\org\seleniumhq\selenium\selenium-manager\4.29.0\selenium-manager-4.29.0.jar;C:\Users\avina\.m2\repository\org\seleniumhq\selenium\selenium-devtools-v131\4.29.0\selenium-devtools-v131-4.29.0.jar;C:\Users\avina\.m2\repository\org\seleniumhq\selenium\selenium-devtools-v132\4.29.0\selenium-devtools-v132-4.29.0.jar;C:\Users\avina\.m2\repository\org\seleniumhq\selenium\selenium-devtools-v133\4.29.0\selenium-devtools-v133-4.29.0.jar;C:\Users\avina\.m2\repository\org\seleniumhq\selenium\selenium-devtools-v85\4.29.0\selenium-devtools-v85-4.29.0.jar;C:\Users\avina\.m2\repository\org\seleniumhq\selenium\selenium-edge-driver\4.29.0\selenium-edge-driver-4.29.0.jar;C:\Users\avina\.m2\repository\org\seleniumhq\selenium\selenium-firefox-driver\4.29.0\selenium-firefox-driver-4.29.0.jar;C:\Users\avina\.m2\repository\org\seleniumhq\selenium\selenium-http\4.29.0\selenium-http-4.29.0.jar;C:\Users\avina\.m2\repository\org\seleniumhq\selenium\selenium-ie-driver\4.29.0\selenium-ie-driver-4.29.0.jar;C:\Users\avina\.m2\repository\org\seleniumhq\selenium\selenium-remote-driver\4.29.0\selenium-remote-driver-4.29.0.jar;C:\Users\avina\.m2\repository\io\opentelemetry\semconv\opentelemetry-semconv\1.28.0-alpha\opentelemetry-semconv-1.28.0-alpha.jar;C:\Users\avina\.m2\repository\io\opentelemetry\opentelemetry-api\1.46.0\opentelemetry-api-1.46.0.jar;C:\Users\avina\.m2\repository\io\opentelemetry\opentelemetry-context\1.46.0\opentelemetry-context-1.46.0.jar;C:\Users\avina\.m2\repository\io\opentelemetry\opentelemetry-exporter-logging\1.46.0\opentelemetry-exporter-logging-1.46.0.jar;C:\Users\avina\.m2\repository\io\opentelemetry\opentelemetry-sdk-common\1.46.0\opentelemetry-sdk-common-1.46.0.jar;C:\Users\avina\.m2\repository\io\opentelemetry\opentelemetry-sdk-extension-autoconfigure-spi\1.46.0\opentelemetry-sdk-extension-autoconfigure-spi-1.46.0.jar;C:\Users\avina\.m2\repository\io\opentelemetry\opentelemetry-sdk-extension-autoconfigure\1.46.0\opentelemetry-sdk-extension-autoconfigure-1.46.0.jar;C:\Users\avina\.m2\repository\io\opentelemetry\opentelemetry-api-incubator\1.46.0-alpha\opentelemetry-api-incubator-1.46.0-alpha.jar;C:\Users\avina\.m2\repository\io\opentelemetry\opentelemetry-sdk-trace\1.46.0\opentelemetry-sdk-trace-1.46.0.jar;C:\Users\avina\.m2\repository\io\opentelemetry\opentelemetry-sdk\1.46.0\opentelemetry-sdk-1.46.0.jar;C:\Users\avina\.m2\repository\io\opentelemetry\opentelemetry-sdk-metrics\1.46.0\opentelemetry-sdk-metrics-1.46.0.jar;C:\Users\avina\.m2\repository\io\opentelemetry\opentelemetry-sdk-logs\1.46.0\opentelemetry-sdk-logs-1.46.0.jar;C:\Users\avina\.m2\repository\net\bytebuddy\byte-buddy\1.15.11\byte-buddy-1.15.11.jar;C:\Users\avina\.m2\repository\org\seleniumhq\selenium\selenium-os\4.29.0\selenium-os-4.29.0.jar;C:\Users\avina\.m2\repository\org\apache\commons\commons-exec\1.4.0\commons-exec-1.4.0.jar;C:\Users\avina\.m2\repository\org\seleniumhq\selenium\selenium-safari-driver\4.29.0\selenium-safari-driver-4.29.0.jar;C:\Users\avina\.m2\repository\org\seleniumhq\selenium\selenium-support\4.29.0\selenium-support-4.29.0.jar;C:\Users\avina\.m2\repository\org\apache\poi\poi\5.4.0\poi-5.4.0.jar;C:\Users\avina\.m2\repository\commons-codec\commons-codec\1.17.1\commons-codec-1.17.1.jar;C:\Users\avina\.m2\repository\org\apache\commons\commons-collections4\4.4\commons-collections4-4.4.jar;C:\Users\avina\.m2\repository\org\apache\commons\commons-math3\3.6.1\commons-math3-3.6.1.jar;C:\Users\avina\.m2\repository\commons-io\commons-io\2.18.0\commons-io-2.18.0.jar;C:\Users\avina\.m2\repository\com\zaxxer\SparseBitSet\1.3\SparseBitSet-1.3.jar;C:\Users\avina\.m2\repository\org\apache\logging\log4j\log4j-api\2.24.3\log4j-api-2.24.3.jar;C:\Users\avina\.m2\repository\org\apache\poi\poi-ooxml\5.4.0\poi-ooxml-5.4.0.jar;C:\Users\avina\.m2\repository\org\apache\poi\poi-ooxml-lite\5.4.0\poi-ooxml-lite-5.4.0.jar;C:\Users\avina\.m2\repository\org\apache\xmlbeans\xmlbeans\5.3.0\xmlbeans-5.3.0.jar;C:\Users\avina\.m2\repository\org\apache\commons\commons-compress\1.27.1\commons-compress-1.27.1.jar;C:\Users\avina\.m2\repository\org\apache\commons\commons-lang3\3.16.0\commons-lang3-3.16.0.jar;C:\Users\avina\.m2\repository\com\github\virtuald\curvesapi\1.08\curvesapi-1.08.jar;C:\Users\avina\.m2\repository\io\cucumber\cucumber-java\7.21.1\cucumber-java-7.21.1.jar;C:\Users\avina\.m2\repository\org\apiguardian\apiguardian-api\1.1.2\apiguardian-api-1.1.2.jar;C:\Users\avina\.m2\repository\io\cucumber\cucumber-picocontainer\7.21.1\cucumber-picocontainer-7.21.1.jar;C:\Users\avina\.m2\repository\org\picocontainer\picocontainer\2.15\picocontainer-2.15.jar;C:\Users\avina\.m2\repository\io\cucumber\cucumber-core\7.21.1\cucumber-core-7.21.1.jar;C:\Users\avina\.m2\repository\io\cucumber\cucumber-gherkin-messages\7.21.1\cucumber-gherkin-messages-7.21.1.jar;C:\Users\avina\.m2\repository\io\cucumber\gherkin\31.0.0\gherkin-31.0.0.jar;C:\Users\avina\.m2\repository\io\cucumber\messages\27.2.0\messages-27.2.0.jar;C:\Users\avina\.m2\repository\io\cucumber\testng-xml-formatter\0.3.1\testng-xml-formatter-0.3.1.jar;C:\Users\avina\.m2\repository\io\cucumber\query\13.2.0\query-13.2.0.jar;C:\Users\avina\.m2\repository\io\cucumber\tag-expressions\6.1.2\tag-expressions-6.1.2.jar;C:\Users\avina\.m2\repository\io\cucumber\cucumber-expressions\18.0.1\cucumber-expressions-18.0.1.jar;C:\Users\avina\.m2\repository\io\cucumber\datatable\7.21.1\datatable-7.21.1.jar;C:\Users\avina\.m2\repository\io\cucumber\cucumber-plugin\7.21.1\cucumber-plugin-7.21.1.jar;C:\Users\avina\.m2\repository\io\cucumber\docstring\7.21.1\docstring-7.21.1.jar;C:\Users\avina\.m2\repository\io\cucumber\html-formatter\21.9.0\html-formatter-21.9.0.jar;C:\Users\avina\.m2\repository\io\cucumber\junit-xml-formatter\0.7.1\junit-xml-formatter-0.7.1.jar;C:\Users\avina\.m2\repository\io\cucumber\ci-environment\10.0.1\ci-environment-10.0.1.jar;C:\Users\avina\.m2\repository\io\cucumber\cucumber-testng\7.21.1\cucumber-testng-7.21.1.jar;C:\Users\avina\.m2\repository\org\testng\testng\7.10.2\testng-7.10.2.jar;C:\Users\avina\.m2\repository\com\beust\jcommander\1.82\jcommander-1.82.jar;C:\Users\avina\.m2\repository\org\webjars\jquery\3.7.1\jquery-3.7.1.jar;C:\Users\avina\.m2\repository\io\cucumber\cucumber-gherkin\7.21.1\cucumber-gherkin-7.21.1.jar;C:\Users\avina\.m2\repository\io\qameta\allure\allure-testng\2.29.1\allure-testng-2.29.1.jar;C:\Users\avina\.m2\repository\io\qameta\allure\allure-java-commons\2.29.1\allure-java-commons-2.29.1.jar;C:\Users\avina\.m2\repository\io\qameta\allure\allure-model\2.29.1\allure-model-2.29.1.jar;C:\Users\avina\.m2\repository\io\qameta\allure\allure-test-filter\2.29.1\allure-test-filter-2.29.1.jar;C:\Users\avina\.m2\repository\com\github\sdrss\reportng\2.7.0\reportng-2.7.0.jar;C:\Users\avina\.m2\repository\velocity\velocity\1.5\velocity-1.5.jar;C:\Users\avina\.m2\repository\commons-collections\commons-collections\3.1\commons-collections-3.1.jar;C:\Users\avina\.m2\repository\commons-lang\commons-lang\2.1\commons-lang-2.1.jar;C:\Users\avina\.m2\repository\oro\oro\2.0.8\oro-2.0.8.jar;C:\Users\avina\.m2\repository\com\fasterxml\jackson\core\jackson-core\2.10.1\jackson-core-2.10.1.jar;C:\Users\avina\.m2\repository\com\fasterxml\jackson\core\jackson-databind\2.12.7.1\jackson-databind-2.12.7.1.jar;C:\Users\avina\.m2\repository\com\fasterxml\jackson\core\jackson-annotations\2.10.1\jackson-annotations-2.10.1.jar;C:\Users\avina\.m2\repository\org\slf4j\slf4j-api\1.7.29\slf4j-api-1.7.29.jar;C:\Users\avina\.m2\repository\com\google\inject\guice\7.0.0\guice-7.0.0.jar;C:\Users\avina\.m2\repository\jakarta\inject\jakarta.inject-api\2.0.1\jakarta.inject-api-2.0.1.jar;C:\Users\avina\.m2\repository\aopalliance\aopalliance\1.0\aopalliance-1.0.jar;C:\Users\avina\.m2\repository\com\google\guava\guava\31.0.1-jre\guava-31.0.1-jre.jar;C:\Users\avina\.m2\repository\com\google\guava\failureaccess\1.0.1\failureaccess-1.0.1.jar;C:\Users\avina\.m2\repository\com\google\guava\listenablefuture\9999.0-empty-to-avoid-conflict-with-guava\listenablefuture-9999.0-empty-to-avoid-conflict-with-guava.jar;C:\Users\avina\.m2\repository\com\google\code\findbugs\jsr305\3.0.2\jsr305-3.0.2.jar;C:\Users\avina\.m2\repository\org\checkerframework\checker-qual\3.12.0\checker-qual-3.12.0.jar;C:\Users\avina\.m2\repository\com\google\errorprone\error_prone_annotations\2.7.1\error_prone_annotations-2.7.1.jar;C:\Users\avina\.m2\repository\com\google\j2objc\j2objc-annotations\1.3\j2objc-annotations-1.3.jar;C:\Users\avina\.m2\repository\com\aventstack\extentreports\5.1.2\extentreports-5.1.2.jar;C:\Users\avina\.m2\repository\io\reactivex\rxjava3\rxjava\3.1.6\rxjava-3.1.6.jar;C:\Users\avina\.m2\repository\org\reactivestreams\reactive-streams\1.0.4\reactive-streams-1.0.4.jar;C:\Users\avina\.m2\repository\org\freemarker\freemarker\2.3.32\freemarker-2.3.32.jar;C:\Users\avina\.m2\repository\org\projectlombok\lombok\1.18.26\lombok-1.18.26.jar;C:\Users\avina\.m2\repository\com\google\code\gson\gson\2.10.1\gson-2.10.1.jar;"/>
    <property name="java.vm.vendor" value="Oracle Corporation"/>
    <property name="sun.arch.data.model" value="64"/>
    <property name="user.variant" value=""/>
    <property name="java.vendor.url" value="https://java.oracle.com/"/>
    <property name="user.timezone" value="Asia/Calcutta"/>
    <property name="os.name" value="Windows 11"/>
    <property name="java.vm.specification.version" value="21"/>
    <property name="sun.java.launcher" value="SUN_STANDARD"/>
    <property name="user.country" value="IN"/>
    <property name="sun.boot.library.path" value="C:\Program Files\Java\jdk-21\bin"/>
    <property name="sun.java.command" value="C:\Users\avina\AppData\Local\Temp\surefire10765785076738295128\surefirebooter18207270948265039866.jar C:\Users\avina\AppData\Local\Temp\surefire10765785076738295128 2025-03-25T14-49-58_653-jvmRun1 surefire10757508736571479752tmp surefire_08458795361601177357tmp"/>
    <property name="jdk.debug" value="release"/>
    <property name="surefire.test.class.path" value="C:\Users\avina\eclipse-workspace\BunnyCart\target\test-classes;C:\Users\avina\eclipse-workspace\BunnyCart\target\classes;C:\Users\avina\.m2\repository\org\seleniumhq\selenium\selenium-java\4.29.0\selenium-java-4.29.0.jar;C:\Users\avina\.m2\repository\org\seleniumhq\selenium\selenium-api\4.29.0\selenium-api-4.29.0.jar;C:\Users\avina\.m2\repository\org\jspecify\jspecify\1.0.0\jspecify-1.0.0.jar;C:\Users\avina\.m2\repository\org\seleniumhq\selenium\selenium-chrome-driver\4.29.0\selenium-chrome-driver-4.29.0.jar;C:\Users\avina\.m2\repository\com\google\auto\service\auto-service-annotations\1.1.1\auto-service-annotations-1.1.1.jar;C:\Users\avina\.m2\repository\org\seleniumhq\selenium\selenium-chromium-driver\4.29.0\selenium-chromium-driver-4.29.0.jar;C:\Users\avina\.m2\repository\org\seleniumhq\selenium\selenium-json\4.29.0\selenium-json-4.29.0.jar;C:\Users\avina\.m2\repository\org\seleniumhq\selenium\selenium-manager\4.29.0\selenium-manager-4.29.0.jar;C:\Users\avina\.m2\repository\org\seleniumhq\selenium\selenium-devtools-v131\4.29.0\selenium-devtools-v131-4.29.0.jar;C:\Users\avina\.m2\repository\org\seleniumhq\selenium\selenium-devtools-v132\4.29.0\selenium-devtools-v132-4.29.0.jar;C:\Users\avina\.m2\repository\org\seleniumhq\selenium\selenium-devtools-v133\4.29.0\selenium-devtools-v133-4.29.0.jar;C:\Users\avina\.m2\repository\org\seleniumhq\selenium\selenium-devtools-v85\4.29.0\selenium-devtools-v85-4.29.0.jar;C:\Users\avina\.m2\repository\org\seleniumhq\selenium\selenium-edge-driver\4.29.0\selenium-edge-driver-4.29.0.jar;C:\Users\avina\.m2\repository\org\seleniumhq\selenium\selenium-firefox-driver\4.29.0\selenium-firefox-driver-4.29.0.jar;C:\Users\avina\.m2\repository\org\seleniumhq\selenium\selenium-http\4.29.0\selenium-http-4.29.0.jar;C:\Users\avina\.m2\repository\org\seleniumhq\selenium\selenium-ie-driver\4.29.0\selenium-ie-driver-4.29.0.jar;C:\Users\avina\.m2\repository\org\seleniumhq\selenium\selenium-remote-driver\4.29.0\selenium-remote-driver-4.29.0.jar;C:\Users\avina\.m2\repository\io\opentelemetry\semconv\opentelemetry-semconv\1.28.0-alpha\opentelemetry-semconv-1.28.0-alpha.jar;C:\Users\avina\.m2\repository\io\opentelemetry\opentelemetry-api\1.46.0\opentelemetry-api-1.46.0.jar;C:\Users\avina\.m2\repository\io\opentelemetry\opentelemetry-context\1.46.0\opentelemetry-context-1.46.0.jar;C:\Users\avina\.m2\repository\io\opentelemetry\opentelemetry-exporter-logging\1.46.0\opentelemetry-exporter-logging-1.46.0.jar;C:\Users\avina\.m2\repository\io\opentelemetry\opentelemetry-sdk-common\1.46.0\opentelemetry-sdk-common-1.46.0.jar;C:\Users\avina\.m2\repository\io\opentelemetry\opentelemetry-sdk-extension-autoconfigure-spi\1.46.0\opentelemetry-sdk-extension-autoconfigure-spi-1.46.0.jar;C:\Users\avina\.m2\repository\io\opentelemetry\opentelemetry-sdk-extension-autoconfigure\1.46.0\opentelemetry-sdk-extension-autoconfigure-1.46.0.jar;C:\Users\avina\.m2\repository\io\opentelemetry\opentelemetry-api-incubator\1.46.0-alpha\opentelemetry-api-incubator-1.46.0-alpha.jar;C:\Users\avina\.m2\repository\io\opentelemetry\opentelemetry-sdk-trace\1.46.0\opentelemetry-sdk-trace-1.46.0.jar;C:\Users\avina\.m2\repository\io\opentelemetry\opentelemetry-sdk\1.46.0\opentelemetry-sdk-1.46.0.jar;C:\Users\avina\.m2\repository\io\opentelemetry\opentelemetry-sdk-metrics\1.46.0\opentelemetry-sdk-metrics-1.46.0.jar;C:\Users\avina\.m2\repository\io\opentelemetry\opentelemetry-sdk-logs\1.46.0\opentelemetry-sdk-logs-1.46.0.jar;C:\Users\avina\.m2\repository\net\bytebuddy\byte-buddy\1.15.11\byte-buddy-1.15.11.jar;C:\Users\avina\.m2\repository\org\seleniumhq\selenium\selenium-os\4.29.0\selenium-os-4.29.0.jar;C:\Users\avina\.m2\repository\org\apache\commons\commons-exec\1.4.0\commons-exec-1.4.0.jar;C:\Users\avina\.m2\repository\org\seleniumhq\selenium\selenium-safari-driver\4.29.0\selenium-safari-driver-4.29.0.jar;C:\Users\avina\.m2\repository\org\seleniumhq\selenium\selenium-support\4.29.0\selenium-support-4.29.0.jar;C:\Users\avina\.m2\repository\org\apache\poi\poi\5.4.0\poi-5.4.0.jar;C:\Users\avina\.m2\repository\commons-codec\commons-codec\1.17.1\commons-codec-1.17.1.jar;C:\Users\avina\.m2\repository\org\apache\commons\commons-collections4\4.4\commons-collections4-4.4.jar;C:\Users\avina\.m2\repository\org\apache\commons\commons-math3\3.6.1\commons-math3-3.6.1.jar;C:\Users\avina\.m2\repository\commons-io\commons-io\2.18.0\commons-io-2.18.0.jar;C:\Users\avina\.m2\repository\com\zaxxer\SparseBitSet\1.3\SparseBitSet-1.3.jar;C:\Users\avina\.m2\repository\org\apache\logging\log4j\log4j-api\2.24.3\log4j-api-2.24.3.jar;C:\Users\avina\.m2\repository\org\apache\poi\poi-ooxml\5.4.0\poi-ooxml-5.4.0.jar;C:\Users\avina\.m2\repository\org\apache\poi\poi-ooxml-lite\5.4.0\poi-ooxml-lite-5.4.0.jar;C:\Users\avina\.m2\repository\org\apache\xmlbeans\xmlbeans\5.3.0\xmlbeans-5.3.0.jar;C:\Users\avina\.m2\repository\org\apache\commons\commons-compress\1.27.1\commons-compress-1.27.1.jar;C:\Users\avina\.m2\repository\org\apache\commons\commons-lang3\3.16.0\commons-lang3-3.16.0.jar;C:\Users\avina\.m2\repository\com\github\virtuald\curvesapi\1.08\curvesapi-1.08.jar;C:\Users\avina\.m2\repository\io\cucumber\cucumber-java\7.21.1\cucumber-java-7.21.1.jar;C:\Users\avina\.m2\repository\org\apiguardian\apiguardian-api\1.1.2\apiguardian-api-1.1.2.jar;C:\Users\avina\.m2\repository\io\cucumber\cucumber-picocontainer\7.21.1\cucumber-picocontainer-7.21.1.jar;C:\Users\avina\.m2\repository\org\picocontainer\picocontainer\2.15\picocontainer-2.15.jar;C:\Users\avina\.m2\repository\io\cucumber\cucumber-core\7.21.1\cucumber-core-7.21.1.jar;C:\Users\avina\.m2\repository\io\cucumber\cucumber-gherkin-messages\7.21.1\cucumber-gherkin-messages-7.21.1.jar;C:\Users\avina\.m2\repository\io\cucumber\gherkin\31.0.0\gherkin-31.0.0.jar;C:\Users\avina\.m2\repository\io\cucumber\messages\27.2.0\messages-27.2.0.jar;C:\Users\avina\.m2\repository\io\cucumber\testng-xml-formatter\0.3.1\testng-xml-formatter-0.3.1.jar;C:\Users\avina\.m2\repository\io\cucumber\query\13.2.0\query-13.2.0.jar;C:\Users\avina\.m2\repository\io\cucumber\tag-expressions\6.1.2\tag-expressions-6.1.2.jar;C:\Users\avina\.m2\repository\io\cucumber\cucumber-expressions\18.0.1\cucumber-expressions-18.0.1.jar;C:\Users\avina\.m2\repository\io\cucumber\datatable\7.21.1\datatable-7.21.1.jar;C:\Users\avina\.m2\repository\io\cucumber\cucumber-plugin\7.21.1\cucumber-plugin-7.21.1.jar;C:\Users\avina\.m2\repository\io\cucumber\docstring\7.21.1\docstring-7.21.1.jar;C:\Users\avina\.m2\repository\io\cucumber\html-formatter\21.9.0\html-formatter-21.9.0.jar;C:\Users\avina\.m2\repository\io\cucumber\junit-xml-formatter\0.7.1\junit-xml-formatter-0.7.1.jar;C:\Users\avina\.m2\repository\io\cucumber\ci-environment\10.0.1\ci-environment-10.0.1.jar;C:\Users\avina\.m2\repository\io\cucumber\cucumber-testng\7.21.1\cucumber-testng-7.21.1.jar;C:\Users\avina\.m2\repository\org\testng\testng\7.10.2\testng-7.10.2.jar;C:\Users\avina\.m2\repository\com\beust\jcommander\1.82\jcommander-1.82.jar;C:\Users\avina\.m2\repository\org\webjars\jquery\3.7.1\jquery-3.7.1.jar;C:\Users\avina\.m2\repository\io\cucumber\cucumber-gherkin\7.21.1\cucumber-gherkin-7.21.1.jar;C:\Users\avina\.m2\repository\io\qameta\allure\allure-testng\2.29.1\allure-testng-2.29.1.jar;C:\Users\avina\.m2\repository\io\qameta\allure\allure-java-commons\2.29.1\allure-java-commons-2.29.1.jar;C:\Users\avina\.m2\repository\io\qameta\allure\allure-model\2.29.1\allure-model-2.29.1.jar;C:\Users\avina\.m2\repository\io\qameta\allure\allure-test-filter\2.29.1\allure-test-filter-2.29.1.jar;C:\Users\avina\.m2\repository\com\github\sdrss\reportng\2.7.0\reportng-2.7.0.jar;C:\Users\avina\.m2\repository\velocity\velocity\1.5\velocity-1.5.jar;C:\Users\avina\.m2\repository\commons-collections\commons-collections\3.1\commons-collections-3.1.jar;C:\Users\avina\.m2\repository\commons-lang\commons-lang\2.1\commons-lang-2.1.jar;C:\Users\avina\.m2\repository\oro\oro\2.0.8\oro-2.0.8.jar;C:\Users\avina\.m2\repository\com\fasterxml\jackson\core\jackson-core\2.10.1\jackson-core-2.10.1.jar;C:\Users\avina\.m2\repository\com\fasterxml\jackson\core\jackson-databind\2.12.7.1\jackson-databind-2.12.7.1.jar;C:\Users\avina\.m2\repository\com\fasterxml\jackson\core\jackson-annotations\2.10.1\jackson-annotations-2.10.1.jar;C:\Users\avina\.m2\repository\org\slf4j\slf4j-api\1.7.29\slf4j-api-1.7.29.jar;C:\Users\avina\.m2\repository\com\google\inject\guice\7.0.0\guice-7.0.0.jar;C:\Users\avina\.m2\repository\jakarta\inject\jakarta.inject-api\2.0.1\jakarta.inject-api-2.0.1.jar;C:\Users\avina\.m2\repository\aopalliance\aopalliance\1.0\aopalliance-1.0.jar;C:\Users\avina\.m2\repository\com\google\guava\guava\31.0.1-jre\guava-31.0.1-jre.jar;C:\Users\avina\.m2\repository\com\google\guava\failureaccess\1.0.1\failureaccess-1.0.1.jar;C:\Users\avina\.m2\repository\com\google\guava\listenablefuture\9999.0-empty-to-avoid-conflict-with-guava\listenablefuture-9999.0-empty-to-avoid-conflict-with-guava.jar;C:\Users\avina\.m2\repository\com\google\code\findbugs\jsr305\3.0.2\jsr305-3.0.2.jar;C:\Users\avina\.m2\repository\org\checkerframework\checker-qual\3.12.0\checker-qual-3.12.0.jar;C:\Users\avina\.m2\repository\com\google\errorprone\error_prone_annotations\2.7.1\error_prone_annotations-2.7.1.jar;C:\Users\avina\.m2\repository\com\google\j2objc\j2objc-annotations\1.3\j2objc-annotations-1.3.jar;C:\Users\avina\.m2\repository\com\aventstack\extentreports\5.1.2\extentreports-5.1.2.jar;C:\Users\avina\.m2\repository\io\reactivex\rxjava3\rxjava\3.1.6\rxjava-3.1.6.jar;C:\Users\avina\.m2\repository\org\reactivestreams\reactive-streams\1.0.4\reactive-streams-1.0.4.jar;C:\Users\avina\.m2\repository\org\freemarker\freemarker\2.3.32\freemarker-2.3.32.jar;C:\Users\avina\.m2\repository\org\projectlombok\lombok\1.18.26\lombok-1.18.26.jar;C:\Users\avina\.m2\repository\com\google\code\gson\gson\2.10.1\gson-2.10.1.jar;"/>
    <property name="sun.cpu.endian" value="little"/>
    <property name="user.home" value="C:\Users\avina"/>
    <property name="user.language" value="en"/>
    <property name="java.specification.vendor" value="Oracle Corporation"/>
    <property name="java.version.date" value="2025-01-21"/>
    <property name="java.home" value="C:\Program Files\Java\jdk-21"/>
    <property name="file.separator" value="\"/>
    <property name="basedir" value="C:\Users\avina\eclipse-workspace\BunnyCart"/>
    <property name="style.color" value="always"/>
    <property name="java.vm.compressedOopsMode" value="32-bit"/>
    <property name="line.separator" value="&#10;"/>
    <property name="testng.Failed" value="0"/>
    <property name="java.vm.specification.vendor" value="Oracle Corporation"/>
    <property name="java.specification.name" value="Java Platform API Specification"/>
    <property name="surefire.real.class.path" value="C:\Users\avina\AppData\Local\Temp\surefire10765785076738295128\surefirebooter18207270948265039866.jar"/>
    <property name="user.script" value=""/>
    <property name="sun.management.compiler" value="HotSpot 64-Bit Tiered Compilers"/>
    <property name="java.runtime.version" value="21.0.6+8-LTS-188"/>
    <property name="user.name" value="avina"/>
    <property name="stdout.encoding" value="Cp1252"/>
    <property name="path.separator" value=";"/>
    <property name="os.version" value="10.0"/>
    <property name="testng.KnownDefect" value="0"/>
    <property name="java.runtime.name" value="Java(TM) SE Runtime Environment"/>
    <property name="file.encoding" value="UTF-8"/>
    <property name="testng.Fixed" value="0"/>
    <property name="java.vm.name" value="Java HotSpot(TM) 64-Bit Server VM"/>
    <property name="localRepository" value="C:\Users\avina\.m2\repository"/>
    <property name="java.vendor.url.bug" value="https://bugreport.java.com/bugreport/"/>
    <property name="java.io.tmpdir" value="C:\Users\avina\AppData\Local\Temp\"/>
    <property name="java.version" value="21.0.6"/>
    <property name="user.dir" value="C:\Users\avina\eclipse-workspace\BunnyCart"/>
    <property name="os.arch" value="amd64"/>
    <property name="java.vm.specification.name" value="Java Virtual Machine Specification"/>
    <property name="sun.os.patch.level" value=""/>
    <property name="native.encoding" value="Cp1252"/>
    <property name="java.library.path" value="C:\Program Files\Java\jdk-21\bin;C:\WINDOWS\Sun\Java\bin;C:\WINDOWS\system32;C:\WINDOWS;C:\Program Files\Common Files\Oracle\Java\javapath;C:\Program Files\AdoptOpenJDK\jre-11.0.7.10-hotspot\bin;C:\Program Files\Python311\Scripts\;C:\Program Files\Python311\;C:\Windows\system32;C:\Windows;C:\Windows\System32\Wbem;C:\Windows\System32\WindowsPowerShell\v1.0\;C:\Windows\System32\OpenSSH\;C:\Program Files (x86)\NVIDIA Corporation\PhysX\Common;C:\Program Files\NVIDIA Corporation\NVIDIA NvDLISR;C:\Program Files\MySQL\MySQL Server 8.0\bin;C:\WINDOWS\system32;C:\WINDOWS;C:\WINDOWS\System32\Wbem;C:\WINDOWS\System32\WindowsPowerShell\v1.0\;C:\WINDOWS\System32\OpenSSH\;C:\MinGW\bin;C:\Program Files\Java\jdk-17\bin;C:\Program Files\Java\jdk-23\bin;D:\allure-2.33.0\allure-2.33.0\bin;C:\Program Files\Git\cmd;D:\Mavin\apache-maven-3.9.9;C:\Program Files\MySQL\MySQL Shell 8.0\bin\;C:\Users\avina\AppData\Local\Microsoft\WindowsApps;;C:\Users\avina\AppData\Local\Programs\Microsoft VS Code\bin;."/>
    <property name="java.vm.info" value="mixed mode, sharing"/>
    <property name="stderr.encoding" value="Cp1252"/>
    <property name="java.vendor" value="Oracle Corporation"/>
    <property name="java.vm.version" value="21.0.6+8-LTS-188"/>
    <property name="sun.io.unicode.encoding" value="UnicodeLittle"/>
    <property name="testng.Passed" value="6"/>
    <property name="java.class.version" value="65.0"/>
  </properties>
  <testcase name="runScenario[&quot;To check the Creating New customer account page with valid and invalid data&quot;, &quot;Checking User Registration&quot;](1)" classname="com.BunnyCart.TestRunner.CreateNG" time="11.736">
    <system-out><![CDATA[
Scenario Outline: To check the Creating New customer account page with valid and invalid data # src/test/resources/com.BunnyCart.Feature/Login.feature:19
  Given User opens the browser                                                                # com.BunnyCart.StepDefinition.scenario1.user_opens_the_browser()
  And User navigates to the application Url "https://www.bunnycart.com"                       # com.BunnyCart.StepDefinition.scenario1.user_navigates_to_the_application_url(java.lang.String)
  When User clicks the link Create an account                                                 # com.BunnyCart.StepDefinition.scenario1.user_clicks_the_link_create_an_account()
  And User enters the valid 'Ilapanda' in firstname textbox                                   # com.BunnyCart.StepDefinition.scenario1.user_enters_the_valid_in_firstname_textbox(java.lang.String)
  And User enters the valid 'Avinash' in lastname textbox                                     # com.BunnyCart.StepDefinition.scenario1.user_enters_the_valid_in_lastname_textbox(java.lang.String)
  And User enters the invalid 'avi.com' in email textbox                                      # com.BunnyCart.StepDefinition.scenario1.user_enters_the_invalid_in_email_textbox(java.lang.String)
  And User enters the valid 'Avinash@333' in password textbox                                 # com.BunnyCart.StepDefinition.scenario1.user_enters_the_valid_in_password_textbox(java.lang.String)
  And User enters the valid 'Avinash@333' in confirm password textbox                         # com.BunnyCart.StepDefinition.scenario1.user_enters_the_valid_in_confirm_password_textbox(java.lang.String)
  And User enters the valid '9908596390' number                                               # com.BunnyCart.StepDefinition.scenario1.user_enters_the_valid_number(java.lang.String)
  And User clicks Create an account button.                                                   # com.BunnyCart.StepDefinition.scenario1.user_clicks_create_an_account_button()
  Then User verifies the error message displayed under the email textbox                      # com.BunnyCart.StepDefinition.scenario1.user_verifies_the_error_message_displayed_under_the_email_textbox()
  When User re-enters the email with valid data 'avinashilapanda@gmail.com'                   # com.BunnyCart.StepDefinition.scenario1.user_re_enters_the_email_with_valid_data(java.lang.String)
  And User clicks Create an account button.                                                   # com.BunnyCart.StepDefinition.scenario1.user_clicks_create_an_account_button()
  And User closes the browser                                                                 # com.BunnyCart.StepDefinition.scenario1.user_closes_the_browser()
]]></system-out>
    <system-err><![CDATA[SLF4J: Failed to load class "org.slf4j.impl.StaticLoggerBinder".
SLF4J: Defaulting to no-operation (NOP) logger implementation
SLF4J: See http://www.slf4j.org/codes.html#StaticLoggerBinder for further details.
Mar 25, 2025 2:50:06 PM org.openqa.selenium.devtools.CdpVersionFinder findNearestMatch
WARNING: Unable to find an exact match for CDP version 134, returning the closest version; found: 133; Please update to a Selenium version that supports CDP version 134
]]></system-err>
  </testcase>
  <testcase name="runScenario[&quot;To sign in and add a product to cart&quot;, &quot;Unknown&quot;](1)" classname="com.BunnyCart.TestRunner.CreateNG1" time="12.747">
    <system-out><![CDATA[
Scenario: To sign in and add a product to cart                                          # src/test/resources/com.BunnyCart.Feature/Logincart.feature:2
  Given User opens the Browser                                                          # com.BunnyCart.StepDefinition.scenario2.user_opens_the_browser()
  And User navigates to the "https://www.bunnycart.com/aquatic-plants/duckweed" webpage # com.BunnyCart.StepDefinition.scenario2.user_navigates_to_the_webpage(java.lang.String)
  When User clicks on Sign in link                                                      # com.BunnyCart.StepDefinition.scenario2.user_clicks_on_sign_in_link()
2025-03-25T09:20:19.275207600Z main ERROR Log4j API could not find a logging provider.
Email Entered: avinashilapanda@gmail.com
Password Entered: Avinash@333
  And User enters the Sign in credentials                                               # com.BunnyCart.StepDefinition.scenario2.user_enters_the_sign_in_credentials(io.cucumber.datatable.DataTable)
    | bunnycart data.xlsx |
  And User clicks on Sign in button                                                     # com.BunnyCart.StepDefinition.scenario2.user_clicks_on_sign_in_button()
  And User search for a product "aquatic Plants"                                        # com.BunnyCart.StepDefinition.scenario2.user_search_for_a_product(java.lang.String)
  And User select a product                                                             # com.BunnyCart.StepDefinition.scenario2.user_select_a_product()
Error selecting quantity: no such element: Unable to locate element: {"method":"xpath","selector":"//div[@id='option-label-type-200-item-5648']"}
  (Session info: chrome=134.0.6998.118)
For documentation on this error, please visit: https://www.selenium.dev/documentation/webdriver/troubleshooting/errors#no-such-element-exception
Build info: version: '4.29.0', revision: '5fc1ec94cb'
System info: os.name: 'Windows 11', os.arch: 'amd64', os.version: '10.0', java.version: '21.0.6'
Driver info: org.openqa.selenium.chrome.ChromeDriver
Command: [0d2b6e65c8d692e4dfbe956211729ef0, findElement {value=//div[@id='option-label-type-200-item-5648'], using=xpath}]
Capabilities {acceptInsecureCerts: false, browserName: chrome, browserVersion: 134.0.6998.118, chrome: {chromedriverVersion: 134.0.6998.165 (fd886e2cb29..., userDataDir: C:\Users\avina\AppData\Loca...}, fedcm:accounts: true, goog:chromeOptions: {debuggerAddress: localhost:52030}, networkConnectionEnabled: false, pageLoadStrategy: normal, platformName: windows, proxy: Proxy(), se:cdp: ws://localhost:52030/devtoo..., se:cdpVersion: 134.0.6998.118, setWindowRect: true, strictFileInteractability: false, timeouts: {implicit: 0, pageLoad: 300000, script: 30000}, unhandledPromptBehavior: dismiss and notify, webauthn:extension:credBlob: true, webauthn:extension:largeBlob: true, webauthn:extension:minPinLength: true, webauthn:extension:prf: true, webauthn:virtualAuthenticators: true}
Session ID: 0d2b6e65c8d692e4dfbe956211729ef0
  And user selects  quantity of "Pack of 100 Stems"                                     # com.BunnyCart.StepDefinition.scenario2.user_selects_quantity_of(java.lang.String)
Error adding product to cart: no such element: Unable to locate element: {"method":"xpath","selector":"//button[@id='product-addtocart-button']"}
  (Session info: chrome=134.0.6998.118)
For documentation on this error, please visit: https://www.selenium.dev/documentation/webdriver/troubleshooting/errors#no-such-element-exception
Build info: version: '4.29.0', revision: '5fc1ec94cb'
System info: os.name: 'Windows 11', os.arch: 'amd64', os.version: '10.0', java.version: '21.0.6'
Driver info: org.openqa.selenium.chrome.ChromeDriver
Command: [0d2b6e65c8d692e4dfbe956211729ef0, findElement {value=//button[@id='product-addtocart-button'], using=xpath}]
Capabilities {acceptInsecureCerts: false, browserName: chrome, browserVersion: 134.0.6998.118, chrome: {chromedriverVersion: 134.0.6998.165 (fd886e2cb29..., userDataDir: C:\Users\avina\AppData\Loca...}, fedcm:accounts: true, goog:chromeOptions: {debuggerAddress: localhost:52030}, networkConnectionEnabled: false, pageLoadStrategy: normal, platformName: windows, proxy: Proxy(), se:cdp: ws://localhost:52030/devtoo..., se:cdpVersion: 134.0.6998.118, setWindowRect: true, strictFileInteractability: false, timeouts: {implicit: 0, pageLoad: 300000, script: 30000}, unhandledPromptBehavior: dismiss and notify, webauthn:extension:credBlob: true, webauthn:extension:largeBlob: true, webauthn:extension:minPinLength: true, webauthn:extension:prf: true, webauthn:virtualAuthenticators: true}
Session ID: 0d2b6e65c8d692e4dfbe956211729ef0
  And User add a product to cart                                                        # com.BunnyCart.StepDefinition.scenario2.user_add_a_product_to_cart()
  And User verifies the product and close cart                                          # com.BunnyCart.StepDefinition.scenario2.user_verifies_the_product_and_close_cart()
  And User close the browser                                                            # com.BunnyCart.StepDefinition.scenario2.user_close_the_browser()
]]></system-out>
    <system-err><![CDATA[Mar 25, 2025 2:50:15 PM org.openqa.selenium.devtools.CdpVersionFinder findNearestMatch
WARNING: Unable to find an exact match for CDP version 134, returning the closest version; found: 133; Please update to a Selenium version that supports CDP version 134
]]></system-err>
  </testcase>
  <testcase name="runScenario[&quot;To check the signin account page with valid and invalid data&quot;, &quot;Unknown&quot;](1)" classname="com.BunnyCart.TestRunner.CreateNG2" time="12.55">
    <system-out><![CDATA[
Scenario Outline: To check the signin account page with valid and invalid data # src/test/resources/com.BunnyCart.Feature/Signinvalidinvalid.feature:14
  Given User opens the browser                                                 # com.BunnyCart.StepDefinition.scenario1.user_opens_the_browser()
  And User navigates to the application Url "https://www.bunnycart.com"        # com.BunnyCart.StepDefinition.scenario1.user_navigates_to_the_application_url(java.lang.String)
  When User clicks the link homepagesignin an account                          # com.BunnyCart.StepDefinition.scenario3.user_clicks_the_link_homepagesignin_an_account()
  And User enters a invalid 'avinash.com' in email textbox                     # com.BunnyCart.StepDefinition.scenario3.user_enters_a_invalid_in_email_textbox(java.lang.String)
  And User enters a valid 'Avinash@333' in password textbox                    # com.BunnyCart.StepDefinition.scenario3.user_enters_a_valid_in_password_textbox(java.lang.String)
  And User clicks signin  account button.                                      # com.BunnyCart.StepDefinition.scenario3.user_clicks_signin_account_button()
  When User re-enters a email with valid data 'avinashilapanda@gmail.com'      # com.BunnyCart.StepDefinition.scenario3.user_re_enters_a_email_with_valid_data(java.lang.String)
  And User clicks signin button.                                               # com.BunnyCart.StepDefinition.scenario3.user_clicks_signin_button()
  And User closes the browser                                                  # com.BunnyCart.StepDefinition.scenario1.user_closes_the_browser()
]]></system-out>
    <system-err><![CDATA[Mar 25, 2025 2:50:27 PM org.openqa.selenium.devtools.CdpVersionFinder findNearestMatch
WARNING: Unable to find an exact match for CDP version 134, returning the closest version; found: 133; Please update to a Selenium version that supports CDP version 134
]]></system-err>
  </testcase>
  <testcase name="runScenario[&quot;Add Multiple Products to cart&quot;, &quot;Unknown&quot;](1)" classname="com.BunnyCart.TestRunner.CreateNG3" time="0.033">
    <system-out><![CDATA[
Scenario: Add Multiple Products to cart # src/test/resources/com.BunnyCart.Feature/Multiproducts.feature:2
]]></system-out>
  </testcase>
  <testcase name="runScenario[&quot;To sign in and add a product to cart&quot;, &quot;Unknown&quot;](2)" classname="com.BunnyCart.TestRunner.CreateNG3" time="10.022">
    <system-out><![CDATA[
Scenario: To sign in and add a product to cart                                          # src/test/resources/com.BunnyCart.Feature/Multiproducts.feature:3
  Given User opens the Browser                                                          # com.BunnyCart.StepDefinition.scenario2.user_opens_the_browser()
  And User navigates to the "https://www.bunnycart.com/aquatic-plants/duckweed" webpage # com.BunnyCart.StepDefinition.scenario2.user_navigates_to_the_webpage(java.lang.String)
  When User clicks on Sign in link                                                      # com.BunnyCart.StepDefinition.scenario2.user_clicks_on_sign_in_link()
Email Entered: avinashilapanda@gmail.com
Password Entered: Avinash@333
  And User enters the Sign in credentials                                               # com.BunnyCart.StepDefinition.scenario2.user_enters_the_sign_in_credentials(io.cucumber.datatable.DataTable)
    | bunnycart data.xlsx |
  And User clicks on Sign in button                                                     # com.BunnyCart.StepDefinition.scenario2.user_clicks_on_sign_in_button()
  And User search for a product "aquatic Plants"                                        # com.BunnyCart.StepDefinition.scenario2.user_search_for_a_product(java.lang.String)
  And User select a product                                                             # com.BunnyCart.StepDefinition.scenario2.user_select_a_product()
Error selecting quantity: no such element: Unable to locate element: {"method":"xpath","selector":"//div[@id='option-label-type-200-item-5648']"}
  (Session info: chrome=134.0.6998.118)
For documentation on this error, please visit: https://www.selenium.dev/documentation/webdriver/troubleshooting/errors#no-such-element-exception
Build info: version: '4.29.0', revision: '5fc1ec94cb'
System info: os.name: 'Windows 11', os.arch: 'amd64', os.version: '10.0', java.version: '21.0.6'
Driver info: org.openqa.selenium.chrome.ChromeDriver
Command: [aeb8d69a38dc3225ece1be72e3b54395, findElement {value=//div[@id='option-label-type-200-item-5648'], using=xpath}]
Capabilities {acceptInsecureCerts: false, browserName: chrome, browserVersion: 134.0.6998.118, chrome: {chromedriverVersion: 134.0.6998.165 (fd886e2cb29..., userDataDir: C:\Users\avina\AppData\Loca...}, fedcm:accounts: true, goog:chromeOptions: {debuggerAddress: localhost:52147}, networkConnectionEnabled: false, pageLoadStrategy: normal, platformName: windows, proxy: Proxy(), se:cdp: ws://localhost:52147/devtoo..., se:cdpVersion: 134.0.6998.118, setWindowRect: true, strictFileInteractability: false, timeouts: {implicit: 0, pageLoad: 300000, script: 30000}, unhandledPromptBehavior: dismiss and notify, webauthn:extension:credBlob: true, webauthn:extension:largeBlob: true, webauthn:extension:minPinLength: true, webauthn:extension:prf: true, webauthn:virtualAuthenticators: true}
Session ID: aeb8d69a38dc3225ece1be72e3b54395
  And user selects  quantity of "Pack of 100 Stems"                                     # com.BunnyCart.StepDefinition.scenario2.user_selects_quantity_of(java.lang.String)
Error adding product to cart: no such element: Unable to locate element: {"method":"xpath","selector":"//button[@id='product-addtocart-button']"}
  (Session info: chrome=134.0.6998.118)
For documentation on this error, please visit: https://www.selenium.dev/documentation/webdriver/troubleshooting/errors#no-such-element-exception
Build info: version: '4.29.0', revision: '5fc1ec94cb'
System info: os.name: 'Windows 11', os.arch: 'amd64', os.version: '10.0', java.version: '21.0.6'
Driver info: org.openqa.selenium.chrome.ChromeDriver
Command: [aeb8d69a38dc3225ece1be72e3b54395, findElement {value=//button[@id='product-addtocart-button'], using=xpath}]
Capabilities {acceptInsecureCerts: false, browserName: chrome, browserVersion: 134.0.6998.118, chrome: {chromedriverVersion: 134.0.6998.165 (fd886e2cb29..., userDataDir: C:\Users\avina\AppData\Loca...}, fedcm:accounts: true, goog:chromeOptions: {debuggerAddress: localhost:52147}, networkConnectionEnabled: false, pageLoadStrategy: normal, platformName: windows, proxy: Proxy(), se:cdp: ws://localhost:52147/devtoo..., se:cdpVersion: 134.0.6998.118, setWindowRect: true, strictFileInteractability: false, timeouts: {implicit: 0, pageLoad: 300000, script: 30000}, unhandledPromptBehavior: dismiss and notify, webauthn:extension:credBlob: true, webauthn:extension:largeBlob: true, webauthn:extension:minPinLength: true, webauthn:extension:prf: true, webauthn:virtualAuthenticators: true}
Session ID: aeb8d69a38dc3225ece1be72e3b54395
  And User add a product to cart                                                        # com.BunnyCart.StepDefinition.scenario2.user_add_a_product_to_cart()
  When User Search for product2 "Money Plant" in search textbox                         # com.BunnyCart.StepDefinition.scenario4.user_search_for_product2_in_search_textbox(java.lang.String)
Error selecting quantity: no such element: Unable to locate element: {"method":"xpath","selector":"//div[@id='option-label-type-200-item-5466']"}
  (Session info: chrome=134.0.6998.118)
For documentation on this error, please visit: https://www.selenium.dev/documentation/webdriver/troubleshooting/errors#no-such-element-exception
Build info: version: '4.29.0', revision: '5fc1ec94cb'
System info: os.name: 'Windows 11', os.arch: 'amd64', os.version: '10.0', java.version: '21.0.6'
Driver info: org.openqa.selenium.chrome.ChromeDriver
Command: [aeb8d69a38dc3225ece1be72e3b54395, findElement {value=//div[@id='option-label-type-200-item-5466'], using=xpath}]
Capabilities {acceptInsecureCerts: false, browserName: chrome, browserVersion: 134.0.6998.118, chrome: {chromedriverVersion: 134.0.6998.165 (fd886e2cb29..., userDataDir: C:\Users\avina\AppData\Loca...}, fedcm:accounts: true, goog:chromeOptions: {debuggerAddress: localhost:52147}, networkConnectionEnabled: false, pageLoadStrategy: normal, platformName: windows, proxy: Proxy(), se:cdp: ws://localhost:52147/devtoo..., se:cdpVersion: 134.0.6998.118, setWindowRect: true, strictFileInteractability: false, timeouts: {implicit: 0, pageLoad: 300000, script: 30000}, unhandledPromptBehavior: dismiss and notify, webauthn:extension:credBlob: true, webauthn:extension:largeBlob: true, webauthn:extension:minPinLength: true, webauthn:extension:prf: true, webauthn:virtualAuthenticators: true}
Session ID: aeb8d69a38dc3225ece1be72e3b54395
  And User click type of the product2                                                   # com.BunnyCart.StepDefinition.scenario4.user_click_type_of_the_product2()
Error adding product to cart: no such element: Unable to locate element: {"method":"xpath","selector":"//button[@id='product-addtocart-button']"}
  (Session info: chrome=134.0.6998.118)
For documentation on this error, please visit: https://www.selenium.dev/documentation/webdriver/troubleshooting/errors#no-such-element-exception
Build info: version: '4.29.0', revision: '5fc1ec94cb'
System info: os.name: 'Windows 11', os.arch: 'amd64', os.version: '10.0', java.version: '21.0.6'
Driver info: org.openqa.selenium.chrome.ChromeDriver
Command: [aeb8d69a38dc3225ece1be72e3b54395, findElement {value=//button[@id='product-addtocart-button'], using=xpath}]
Capabilities {acceptInsecureCerts: false, browserName: chrome, browserVersion: 134.0.6998.118, chrome: {chromedriverVersion: 134.0.6998.165 (fd886e2cb29..., userDataDir: C:\Users\avina\AppData\Loca...}, fedcm:accounts: true, goog:chromeOptions: {debuggerAddress: localhost:52147}, networkConnectionEnabled: false, pageLoadStrategy: normal, platformName: windows, proxy: Proxy(), se:cdp: ws://localhost:52147/devtoo..., se:cdpVersion: 134.0.6998.118, setWindowRect: true, strictFileInteractability: false, timeouts: {implicit: 0, pageLoad: 300000, script: 30000}, unhandledPromptBehavior: dismiss and notify, webauthn:extension:credBlob: true, webauthn:extension:largeBlob: true, webauthn:extension:minPinLength: true, webauthn:extension:prf: true, webauthn:virtualAuthenticators: true}
Session ID: aeb8d69a38dc3225ece1be72e3b54395
  And User click on Add to cart for product2                                            # com.BunnyCart.StepDefinition.scenario4.user_click_on_add_to_cart_for_product2()
  And User verifies the products and close cart                                         # com.BunnyCart.StepDefinition.scenario4.user_verifies_the_products_and_close_cart()
  And User close the browser                                                            # com.BunnyCart.StepDefinition.scenario2.user_close_the_browser()
]]></system-out>
    <system-err><![CDATA[Mar 25, 2025 2:50:40 PM org.openqa.selenium.devtools.CdpVersionFinder findNearestMatch
WARNING: Unable to find an exact match for CDP version 134, returning the closest version; found: 133; Please update to a Selenium version that supports CDP version 134
]]></system-err>
  </testcase>
  <testcase name="runScenario[&quot;To sign and Signout&quot;, &quot;Unknown&quot;](1)" classname="com.BunnyCart.TestRunner.CreateNG4" time="11.398">
    <system-out><![CDATA[
Scenario: To sign and Signout                                           # src/test/resources/com.BunnyCart.Feature/Signout.feature:2
  Given User opens the browser                                          # com.BunnyCart.StepDefinition.scenario1.user_opens_the_browser()
  And User navigates to the application Url "https://www.bunnycart.com" # com.BunnyCart.StepDefinition.scenario1.user_navigates_to_the_application_url(java.lang.String)
  When User clicks on Sign in link                                      # com.BunnyCart.StepDefinition.scenario2.user_clicks_on_sign_in_link()
Email Entered: avinashilapanda@gmail.com
Password Entered: Avinash@333
  And User enters the Sign in credentials                               # com.BunnyCart.StepDefinition.scenario2.user_enters_the_sign_in_credentials(io.cucumber.datatable.DataTable)
    | bunnycart data.xlsx |
  And User clicks on Sign in button                                     # com.BunnyCart.StepDefinition.scenario2.user_clicks_on_sign_in_button()
  And User clicks on signout button                                     # com.BunnyCart.StepDefinition.scenario5.user_clicks_on_signout_button()
  And User close the browser                                            # com.BunnyCart.StepDefinition.scenario2.user_close_the_browser()
]]></system-out>
    <system-err><![CDATA[Mar 25, 2025 2:50:50 PM org.openqa.selenium.devtools.CdpVersionFinder findNearestMatch
WARNING: Unable to find an exact match for CDP version 134, returning the closest version; found: 133; Please update to a Selenium version that supports CDP version 134
]]></system-err>
  </testcase>
</testsuite>