<?xml version="1.0" encoding="UTF-8"?>
<!-- Generated by org.testng.reporters.JUnitReportReporter -->
<testsuite hostname="AVINASH" failures="0" tests="1" name="com.BunnyCart.TestRunner.CreateNG" time="6.249" errors="0" timestamp="2025-03-22T09:47:43 IST" skipped="0">
  <testcase classname="com.BunnyCart.TestRunner.CreateNG" name="runScenario" time="6.249"/>
</testsuite> <!-- com.BunnyCart.TestRunner.CreateNG -->
