<?xml version="1.0" encoding="UTF-8"?>
<!-- Generated by org.testng.reporters.JUnitReportReporter -->
<testsuite hostname="AVINASH" failures="0" tests="1" name="com.BunnyCart.TestRunner.CreateNG4" time="6.631" errors="0" timestamp="2025-03-24T10:48:13 IST" skipped="0">
  <testcase classname="com.BunnyCart.TestRunner.CreateNG4" name="runScenario" time="6.631"/>
</testsuite> <!-- com.BunnyCart.TestRunner.CreateNG4 -->
