<?xml version="1.0" encoding="UTF-8"?>
<!-- Generated by org.testng.reporters.JUnitReportReporter -->
<testsuite hostname="AVINASH" failures="0" tests="1" name="com.BunnyCart.TestRunner.CreateNG1" time="18.502" errors="0" timestamp="2025-03-24T16:51:11 IST" skipped="0">
  <testcase classname="com.BunnyCart.TestRunner.CreateNG1" name="runScenario" time="18.502"/>
</testsuite> <!-- com.BunnyCart.TestRunner.CreateNG1 -->
