<?xml version="1.0" encoding="UTF-8"?>
<!-- Generated by org.testng.reporters.JUnitReportReporter -->
<testsuite hostname="AVINASH" failures="0" tests="2" name="com.BunnyCart.TestRunner.CreateNG3" time="5.645" errors="0" timestamp="2025-03-22T17:20:41 IST" skipped="0">
  <testcase classname="com.BunnyCart.TestRunner.CreateNG3" name="runScenario" time="5.637"/>
  <testcase classname="com.BunnyCart.TestRunner.CreateNG3" name="runScenario" time="0.008"/>
</testsuite> <!-- com.BunnyCart.TestRunner.CreateNG3 -->
